<?xml version="1.0" encoding="UTF-8"?>
<testsuite name="uc.seng301.petbattler.lab5.cucumber.RunCucumberTest" tests="6" skipped="0" failures="0" errors="0" timestamp="2024-03-28T05:58:20" hostname="nathan-OMEN-Laptop-15-ek1xxx" time="0.32">
  <properties/>
  <testcase name="AC1 - A pet has a unique non-empty name, a strictly positive attack, and positive health stats." classname="uc.seng301.petbattler.lab5.cucumber.RunCucumberTest" time="0.281"/>
  <testcase name="Example #1.1" classname="uc.seng301.petbattler.lab5.cucumber.RunCucumberTest" time="0.008"/>
  <testcase name="Example #1.2" classname="uc.seng301.petbattler.lab5.cucumber.RunCucumberTest" time="0.006"/>
  <testcase name="Example #1.1" classname="uc.seng301.petbattler.lab5.cucumber.RunCucumberTest" time="0.006"/>
  <testcase name="Example #1.2" classname="uc.seng301.petbattler.lab5.cucumber.RunCucumberTest" time="0.006"/>
  <testcase name="Example #1.3" classname="uc.seng301.petbattler.lab5.cucumber.RunCucumberTest" time="0.007"/>
  <system-out><![CDATA[
Scenario: AC1 - A pet has a unique non-empty name, a strictly positive attack, and positive health stats. ?[90m# uc/seng301/petbattler/lab5/cucumber/u1-pet.feature:3?[0m
  ?[32mGiven ?[0m?[32mThere is no pet with name ?[0m?[32m?[1m"Ant"?[0m                                                                   ?[90m# uc.seng301.petbattler.lab5.cucumber.step_definitions.CreateNewPetFeature.there_is_no_pet_with_name(java.lang.String)?[0m
  ?[32mWhen ?[0m?[32mI create a pet named ?[0m?[32m?[1m"Ant"?[0m?[32m with attack: ?[0m?[32m?[1m2?[0m?[32m and health: ?[0m?[32m?[1m2?[0m                                            ?[90m# uc.seng301.petbattler.lab5.cucumber.step_definitions.CreateNewPetFeature.i_create_a_pet_named_with_attack_and_health(java.lang.String,java.lang.Integer,java.lang.Integer)?[0m
  ?[32mThen ?[0m?[32mThe pet is created with the correct name, attack and health?[0m                                        ?[90m# uc.seng301.petbattler.lab5.cucumber.step_definitions.CreateNewPetFeature.the_pet_is_created_with_the_correct_name_attack_and_health()?[0m

Scenario Outline: AC2 - A pet name cannot contain non-alphanumeric or numeric-only values. ?[90m# uc/seng301/petbattler/lab5/cucumber/u1-pet.feature:14?[0m
  ?[32mGiven ?[0m?[32mThere is no pet with name ?[0m?[32m?[1m"673975"?[0m                                                 ?[90m# uc.seng301.petbattler.lab5.cucumber.step_definitions.CreateNewPetFeature.there_is_no_pet_with_name(java.lang.String)?[0m
  ?[32mWhen ?[0m?[32mI create an invalid pet named ?[0m?[32m?[1m"673975"?[0m?[32m with attack: ?[0m?[32m?[1m2?[0m?[32m and health: ?[0m?[32m?[1m2?[0m                 ?[90m# uc.seng301.petbattler.lab5.cucumber.step_definitions.CreateNewPetFeature.i_create_an_invalid_pet_named_with_attack_and_health(java.lang.String,java.lang.Integer,java.lang.Integer)?[0m
  ?[32mThen ?[0m?[32mAn exception is thrown?[0m                                                              ?[90m# uc.seng301.petbattler.lab5.cucumber.step_definitions.CreateNewPetFeature.an_exception_is_thrown()?[0m

Scenario Outline: AC2 - A pet name cannot contain non-alphanumeric or numeric-only values. ?[90m# uc/seng301/petbattler/lab5/cucumber/u1-pet.feature:15?[0m
  ?[32mGiven ?[0m?[32mThere is no pet with name ?[0m?[32m?[1m"$*&ynsl"?[0m                                                ?[90m# uc.seng301.petbattler.lab5.cucumber.step_definitions.CreateNewPetFeature.there_is_no_pet_with_name(java.lang.String)?[0m
  ?[32mWhen ?[0m?[32mI create an invalid pet named ?[0m?[32m?[1m"$*&ynsl"?[0m?[32m with attack: ?[0m?[32m?[1m2?[0m?[32m and health: ?[0m?[32m?[1m2?[0m                ?[90m# uc.seng301.petbattler.lab5.cucumber.step_definitions.CreateNewPetFeature.i_create_an_invalid_pet_named_with_attack_and_health(java.lang.String,java.lang.Integer,java.lang.Integer)?[0m
  ?[32mThen ?[0m?[32mAn exception is thrown?[0m                                                              ?[90m# uc.seng301.petbattler.lab5.cucumber.step_definitions.CreateNewPetFeature.an_exception_is_thrown()?[0m

Scenario Outline: AC3 - A pet has a strictly positive attack, and a positive health. ?[90m# uc/seng301/petbattler/lab5/cucumber/u1-pet.feature:23?[0m
  ?[32mGiven ?[0m?[32mThere is no pet with name ?[0m?[32m?[1m"harry"?[0m                                            ?[90m# uc.seng301.petbattler.lab5.cucumber.step_definitions.CreateNewPetFeature.there_is_no_pet_with_name(java.lang.String)?[0m
  ?[32mWhen ?[0m?[32mI create an invalid pet named ?[0m?[32m?[1m"harry"?[0m?[32m with attack: ?[0m?[32m?[1m2?[0m?[32m and health: ?[0m?[32m?[1m-1?[0m           ?[90m# uc.seng301.petbattler.lab5.cucumber.step_definitions.CreateNewPetFeature.i_create_an_invalid_pet_named_with_attack_and_health(java.lang.String,java.lang.Integer,java.lang.Integer)?[0m
  ?[32mThen ?[0m?[32mAn exception is thrown?[0m                                                        ?[90m# uc.seng301.petbattler.lab5.cucumber.step_definitions.CreateNewPetFeature.an_exception_is_thrown()?[0m

Scenario Outline: AC3 - A pet has a strictly positive attack, and a positive health. ?[90m# uc/seng301/petbattler/lab5/cucumber/u1-pet.feature:24?[0m
  ?[32mGiven ?[0m?[32mThere is no pet with name ?[0m?[32m?[1m"mick"?[0m                                             ?[90m# uc.seng301.petbattler.lab5.cucumber.step_definitions.CreateNewPetFeature.there_is_no_pet_with_name(java.lang.String)?[0m
  ?[32mWhen ?[0m?[32mI create an invalid pet named ?[0m?[32m?[1m"mick"?[0m?[32m with attack: ?[0m?[32m?[1m-1?[0m?[32m and health: ?[0m?[32m?[1m2?[0m            ?[90m# uc.seng301.petbattler.lab5.cucumber.step_definitions.CreateNewPetFeature.i_create_an_invalid_pet_named_with_attack_and_health(java.lang.String,java.lang.Integer,java.lang.Integer)?[0m
  ?[32mThen ?[0m?[32mAn exception is thrown?[0m                                                        ?[90m# uc.seng301.petbattler.lab5.cucumber.step_definitions.CreateNewPetFeature.an_exception_is_thrown()?[0m

Scenario Outline: AC3 - A pet has a strictly positive attack, and a positive health. ?[90m# uc/seng301/petbattler/lab5/cucumber/u1-pet.feature:25?[0m
  ?[32mGiven ?[0m?[32mThere is no pet with name ?[0m?[32m?[1m"zoe"?[0m                                              ?[90m# uc.seng301.petbattler.lab5.cucumber.step_definitions.CreateNewPetFeature.there_is_no_pet_with_name(java.lang.String)?[0m
  ?[32mWhen ?[0m?[32mI create an invalid pet named ?[0m?[32m?[1m"zoe"?[0m?[32m with attack: ?[0m?[32m?[1m0?[0m?[32m and health: ?[0m?[32m?[1m2?[0m              ?[90m# uc.seng301.petbattler.lab5.cucumber.step_definitions.CreateNewPetFeature.i_create_an_invalid_pet_named_with_attack_and_health(java.lang.String,java.lang.Integer,java.lang.Integer)?[0m
  ?[32mThen ?[0m?[32mAn exception is thrown?[0m                                                        ?[90m# uc.seng301.petbattler.lab5.cucumber.step_definitions.CreateNewPetFeature.an_exception_is_thrown()?[0m
]]></system-out>
  <system-err><![CDATA[]]></system-err>
</testsuite>
